app/build/intermediates/manifest_merge_blame_file/debug/manifest-merger-blame-debug-report.txt
1<?xml version="1.0" encoding="utf-8"?>
2<manifest xmlns:android="http://schemas.android.com/apk/res/android"
3    package="com.example.todomadeeasy"
4    android:versionCode="1"
5    android:versionName="1.0" >
6
7    <uses-sdk
8        android:minSdkVersion="21"
8-->src\main\AndroidManifest.xml
9        android:targetSdkVersion="29" />
9-->src\main\AndroidManifest.xml
10
11    <uses-permission android:name="android.permission.INTERNET" />
11-->src\main\AndroidManifest.xml:6:5-67
11-->src\main\AndroidManifest.xml:6:22-64
12    <uses-permission android:name="android.permission.CAMERA" />
12-->src\main\AndroidManifest.xml:7:5-65
12-->src\main\AndroidManifest.xml:7:22-62
13    <uses-permission android:name="android.permission.VIBRATE" />
13-->src\main\AndroidManifest.xml:8:5-66
13-->src\main\AndroidManifest.xml:8:22-63
14    <uses-permission android:name="android.permission.ACCESS_NETWORK_STATE" />
14-->src\main\AndroidManifest.xml:9:5-79
14-->src\main\AndroidManifest.xml:9:22-76
15    <uses-permission android:name="android.permission.WAKE_LOCK" />
15-->[com.google.android.gms:play-services-measurement-sdk-api:17.1.0] AndroidManifest.xml:25:5-68
15-->[com.google.android.gms:play-services-measurement-sdk-api:17.1.0] AndroidManifest.xml:25:22-65
16    <uses-permission android:name="android.permission.RECEIVE_BOOT_COMPLETED" />
16-->[androidx.work:work-runtime:2.3.1] AndroidManifest.xml:27:5-81
16-->[androidx.work:work-runtime:2.3.1] AndroidManifest.xml:27:22-78
17    <uses-permission android:name="android.permission.FOREGROUND_SERVICE" />
17-->[androidx.work:work-runtime:2.3.1] AndroidManifest.xml:28:5-77
17-->[androidx.work:work-runtime:2.3.1] AndroidManifest.xml:28:22-74
18
19    <application
19-->src\main\AndroidManifest.xml:10:5-70:19
20        android:allowBackup="true"
20-->src\main\AndroidManifest.xml:11:9-35
21        android:appComponentFactory="androidx.core.app.CoreComponentFactory"
21-->[androidx.core:core:1.2.0] AndroidManifest.xml:24:18-86
22        android:debuggable="true"
23        android:fullBackupContent="true"
23-->src\main\AndroidManifest.xml:12:9-41
24        android:icon="@drawable/logo"
24-->src\main\AndroidManifest.xml:13:9-38
25        android:label="@string/app_name"
25-->src\main\AndroidManifest.xml:14:9-41
26        android:roundIcon="@mipmap/ic_launcher_round"
26-->src\main\AndroidManifest.xml:15:8-53
27        android:supportsRtl="true"
27-->src\main\AndroidManifest.xml:16:9-35
28        android:testOnly="true"
29        android:theme="@style/AppTheme" >
29-->src\main\AndroidManifest.xml:17:9-40
30        <activity
30-->src\main\AndroidManifest.xml:19:9-21:51
31            android:name="com.example.taskmanagerpro.ui.ActivityAbout"
31-->src\main\AndroidManifest.xml:19:19-51
32            android:configChanges="orientation"
32-->src\main\AndroidManifest.xml:20:13-48
33            android:screenOrientation="portrait" />
33-->src\main\AndroidManifest.xml:21:13-49
34        <activity
34-->src\main\AndroidManifest.xml:22:9-26:71
35            android:name="com.example.taskmanagerpro.ui.SendToComplete"
35-->src\main\AndroidManifest.xml:23:13-46
36            android:configChanges="orientation"
36-->src\main\AndroidManifest.xml:24:13-48
37            android:screenOrientation="portrait"
37-->src\main\AndroidManifest.xml:25:13-49
38            android:theme="@style/Theme.AppCompat.Light.NoActionBar" />
38-->src\main\AndroidManifest.xml:26:13-69
39        <activity
39-->src\main\AndroidManifest.xml:27:9-32:52
40            android:name="com.example.taskmanagerpro.ui.CreateTaskActivity"
40-->src\main\AndroidManifest.xml:28:13-50
41            android:configChanges="orientation"
41-->src\main\AndroidManifest.xml:29:13-48
42            android:launchMode="singleTop"
42-->src\main\AndroidManifest.xml:30:13-43
43            android:parentActivityName="com.example.taskmanagerpro.ui.MainActivity"
43-->src\main\AndroidManifest.xml:31:13-58
44            android:screenOrientation="portrait" />
44-->src\main\AndroidManifest.xml:32:13-49
45        <activity
45-->src\main\AndroidManifest.xml:33:9-43:20
46            android:name="com.example.taskmanagerpro.ui.WelcomeActivity"
46-->src\main\AndroidManifest.xml:34:13-47
47            android:configChanges="orientation"
47-->src\main\AndroidManifest.xml:35:13-48
48            android:screenOrientation="portrait"
48-->src\main\AndroidManifest.xml:36:13-49
49            android:theme="@style/Theme.AppCompat.Light.NoActionBar" >
49-->src\main\AndroidManifest.xml:37:13-69
50            <intent-filter>
50-->src\main\AndroidManifest.xml:38:13-42:29
51                <action android:name="android.intent.action.MAIN" />
51-->src\main\AndroidManifest.xml:39:17-69
51-->src\main\AndroidManifest.xml:39:25-66
52
53                <category android:name="android.intent.category.LAUNCHER" />
53-->src\main\AndroidManifest.xml:41:17-77
53-->src\main\AndroidManifest.xml:41:27-74
54            </intent-filter>
55        </activity>
56        <activity
56-->src\main\AndroidManifest.xml:44:9-48:72
57            android:name="com.example.taskmanagerpro.ui.SignupActivity"
57-->src\main\AndroidManifest.xml:45:13-46
58            android:configChanges="orientation"
58-->src\main\AndroidManifest.xml:46:13-48
59            android:screenOrientation="portrait"
59-->src\main\AndroidManifest.xml:47:13-49
60            android:theme="@style/Theme.AppCompat.Light.NoActionBar" />
60-->src\main\AndroidManifest.xml:48:13-69
61        <activity
61-->src\main\AndroidManifest.xml:49:9-53:72
62            android:name="com.example.taskmanagerpro.ui.LoginActivity"
62-->src\main\AndroidManifest.xml:50:13-45
63            android:configChanges="orientation"
63-->src\main\AndroidManifest.xml:51:13-48
64            android:screenOrientation="portrait"
64-->src\main\AndroidManifest.xml:52:13-49
65            android:theme="@style/Theme.AppCompat.Light.NoActionBar" />
65-->src\main\AndroidManifest.xml:53:13-69
66        <activity
66-->src\main\AndroidManifest.xml:54:9-60:20
67            android:name="com.example.taskmanagerpro.ui.MainActivity"
67-->src\main\AndroidManifest.xml:55:13-44
68            android:launchMode="singleTop" >
68-->src\main\AndroidManifest.xml:56:13-43
69            <intent-filter>
69-->src\main\AndroidManifest.xml:57:13-59:29
70                <action android:name="android.intent.action.MAIN" />
70-->src\main\AndroidManifest.xml:39:17-69
70-->src\main\AndroidManifest.xml:39:25-66
71            </intent-filter>
72        </activity>
73
74        <meta-data
74-->src\main\AndroidManifest.xml:62:9-64:57
75            android:name="preloaded_fonts"
75-->src\main\AndroidManifest.xml:63:13-43
76            android:resource="@array/preloaded_fonts" />
76-->src\main\AndroidManifest.xml:64:13-54
77        <meta-data
77-->src\main\AndroidManifest.xml:65:9-67:69
78            android:name="com.google.android.gms.ads.APPLICATION_ID"
78-->src\main\AndroidManifest.xml:66:13-69
79            android:value="ca-app-pub-7292512767354152~9092680097" />
79-->src\main\AndroidManifest.xml:67:13-67
80
81        <receiver android:name="com.example.taskmanagerpro.receiver.AlertReceiver" />
81-->src\main\AndroidManifest.xml:69:9-59
81-->src\main\AndroidManifest.xml:69:19-57
82
83        <activity
83-->[com.google.firebase:firebase-auth:21.0.8] AndroidManifest.xml:27:9-44:20
84            android:name="com.google.firebase.auth.internal.GenericIdpActivity"
84-->[com.google.firebase:firebase-auth:21.0.8] AndroidManifest.xml:28:13-80
85            android:excludeFromRecents="true"
85-->[com.google.firebase:firebase-auth:21.0.8] AndroidManifest.xml:29:13-46
86            android:exported="true"
86-->[com.google.firebase:firebase-auth:21.0.8] AndroidManifest.xml:30:13-36
87            android:launchMode="singleTask"
87-->[com.google.firebase:firebase-auth:21.0.8] AndroidManifest.xml:31:13-44
88            android:theme="@android:style/Theme.Translucent.NoTitleBar" >
88-->[com.google.firebase:firebase-auth:21.0.8] AndroidManifest.xml:32:13-72
89            <intent-filter>
89-->[com.google.firebase:firebase-auth:21.0.8] AndroidManifest.xml:33:13-43:29
90                <action android:name="android.intent.action.VIEW" />
90-->[com.google.firebase:firebase-auth:21.0.8] AndroidManifest.xml:34:17-69
90-->[com.google.firebase:firebase-auth:21.0.8] AndroidManifest.xml:34:25-66
91
92                <category android:name="android.intent.category.DEFAULT" />
92-->[com.google.firebase:firebase-auth:21.0.8] AndroidManifest.xml:36:17-76
92-->[com.google.firebase:firebase-auth:21.0.8] AndroidManifest.xml:36:27-73
93                <category android:name="android.intent.category.BROWSABLE" />
93-->[com.google.firebase:firebase-auth:21.0.8] AndroidManifest.xml:37:17-78
93-->[com.google.firebase:firebase-auth:21.0.8] AndroidManifest.xml:37:27-75
94
95                <data
95-->[com.google.firebase:firebase-auth:21.0.8] AndroidManifest.xml:39:17-42:51
96                    android:host="firebase.auth"
96-->[com.google.firebase:firebase-auth:21.0.8] AndroidManifest.xml:40:21-49
97                    android:path="/"
97-->[com.google.firebase:firebase-auth:21.0.8] AndroidManifest.xml:41:21-37
98                    android:scheme="genericidp" />
98-->[com.google.firebase:firebase-auth:21.0.8] AndroidManifest.xml:42:21-48
99            </intent-filter>
100        </activity>
101        <activity
101-->[com.google.firebase:firebase-auth:21.0.8] AndroidManifest.xml:45:9-62:20
102            android:name="com.google.firebase.auth.internal.RecaptchaActivity"
102-->[com.google.firebase:firebase-auth:21.0.8] AndroidManifest.xml:46:13-79
103            android:excludeFromRecents="true"
103-->[com.google.firebase:firebase-auth:21.0.8] AndroidManifest.xml:47:13-46
104            android:exported="true"
104-->[com.google.firebase:firebase-auth:21.0.8] AndroidManifest.xml:48:13-36
105            android:launchMode="singleTask"
105-->[com.google.firebase:firebase-auth:21.0.8] AndroidManifest.xml:49:13-44
106            android:theme="@android:style/Theme.Translucent.NoTitleBar" >
106-->[com.google.firebase:firebase-auth:21.0.8] AndroidManifest.xml:50:13-72
107            <intent-filter>
107-->[com.google.firebase:firebase-auth:21.0.8] AndroidManifest.xml:51:13-61:29
108                <action android:name="android.intent.action.VIEW" />
108-->[com.google.firebase:firebase-auth:21.0.8] AndroidManifest.xml:34:17-69
108-->[com.google.firebase:firebase-auth:21.0.8] AndroidManifest.xml:34:25-66
109
110                <category android:name="android.intent.category.DEFAULT" />
110-->[com.google.firebase:firebase-auth:21.0.8] AndroidManifest.xml:36:17-76
110-->[com.google.firebase:firebase-auth:21.0.8] AndroidManifest.xml:36:27-73
111                <category android:name="android.intent.category.BROWSABLE" />
111-->[com.google.firebase:firebase-auth:21.0.8] AndroidManifest.xml:37:17-78
111-->[com.google.firebase:firebase-auth:21.0.8] AndroidManifest.xml:37:27-75
112
113                <data
113-->[com.google.firebase:firebase-auth:21.0.8] AndroidManifest.xml:39:17-42:51
114                    android:host="firebase.auth"
114-->[com.google.firebase:firebase-auth:21.0.8] AndroidManifest.xml:40:21-49
115                    android:path="/"
115-->[com.google.firebase:firebase-auth:21.0.8] AndroidManifest.xml:41:21-37
116                    android:scheme="recaptcha" />
116-->[com.google.firebase:firebase-auth:21.0.8] AndroidManifest.xml:42:21-48
117            </intent-filter>
118        </activity>
119
120        <service
120-->[com.google.firebase:firebase-auth:21.0.8] AndroidManifest.xml:64:9-70:19
121            android:name="com.google.firebase.components.ComponentDiscoveryService"
121-->[com.google.firebase:firebase-auth:21.0.8] AndroidManifest.xml:65:13-84
122            android:directBootAware="true"
122-->[com.google.firebase:firebase-common:20.1.2] AndroidManifest.xml:35:13-43
123            android:exported="false" >
123-->[com.google.firebase:firebase-auth:21.0.8] AndroidManifest.xml:66:13-37
124            <meta-data
124-->[com.google.firebase:firebase-auth:21.0.8] AndroidManifest.xml:67:13-69:85
125                android:name="com.google.firebase.components:com.google.firebase.auth.FirebaseAuthRegistrar"
125-->[com.google.firebase:firebase-auth:21.0.8] AndroidManifest.xml:68:17-109
126                android:value="com.google.firebase.components.ComponentRegistrar" />
126-->[com.google.firebase:firebase-auth:21.0.8] AndroidManifest.xml:69:17-82
127            <meta-data
127-->[com.google.firebase:firebase-database:20.0.6] AndroidManifest.xml:32:13-34:85
128                android:name="com.google.firebase.components:com.google.firebase.database.DatabaseRegistrar"
128-->[com.google.firebase:firebase-database:20.0.6] AndroidManifest.xml:33:17-109
129                android:value="com.google.firebase.components.ComponentRegistrar" />
129-->[com.google.firebase:firebase-database:20.0.6] AndroidManifest.xml:34:17-82
130            <meta-data
130-->[com.google.firebase:firebase-storage:20.0.2] AndroidManifest.xml:33:13-35:85
131                android:name="com.google.firebase.components:com.google.firebase.storage.StorageRegistrar"
131-->[com.google.firebase:firebase-storage:20.0.2] AndroidManifest.xml:34:17-107
132                android:value="com.google.firebase.components.ComponentRegistrar" />
132-->[com.google.firebase:firebase-storage:20.0.2] AndroidManifest.xml:35:17-82
133        </service> <!-- Include the AdActivity and InAppPurchaseActivity configChanges and themes. -->
134        <activity
134-->[com.google.android.gms:play-services-ads-lite:19.1.0] AndroidManifest.xml:29:9-33:64
135            android:name="com.google.android.gms.ads.AdActivity"
135-->[com.google.android.gms:play-services-ads-lite:19.1.0] AndroidManifest.xml:30:13-65
136            android:configChanges="keyboard|keyboardHidden|orientation|screenLayout|uiMode|screenSize|smallestScreenSize"
136-->[com.google.android.gms:play-services-ads-lite:19.1.0] AndroidManifest.xml:31:13-122
137            android:exported="false"
137-->[com.google.android.gms:play-services-ads-lite:19.1.0] AndroidManifest.xml:32:13-37
138            android:theme="@android:style/Theme.Translucent" />
138-->[com.google.android.gms:play-services-ads-lite:19.1.0] AndroidManifest.xml:33:13-61
139
140        <provider
140-->[com.google.android.gms:play-services-ads-lite:19.1.0] AndroidManifest.xml:35:9-39:39
141            android:name="com.google.android.gms.ads.MobileAdsInitProvider"
141-->[com.google.android.gms:play-services-ads-lite:19.1.0] AndroidManifest.xml:36:13-76
142            android:authorities="com.example.todomadeeasy.mobileadsinitprovider"
142-->[com.google.android.gms:play-services-ads-lite:19.1.0] AndroidManifest.xml:37:13-73
143            android:exported="false"
143-->[com.google.android.gms:play-services-ads-lite:19.1.0] AndroidManifest.xml:38:13-37
144            android:initOrder="100" />
144-->[com.google.android.gms:play-services-ads-lite:19.1.0] AndroidManifest.xml:39:13-36
145
146        <activity
146-->[com.google.android.gms:play-services-auth:17.0.0] AndroidManifest.xml:23:9-27:75
147            android:name="com.google.android.gms.auth.api.signin.internal.SignInHubActivity"
147-->[com.google.android.gms:play-services-auth:17.0.0] AndroidManifest.xml:24:13-93
148            android:excludeFromRecents="true"
148-->[com.google.android.gms:play-services-auth:17.0.0] AndroidManifest.xml:25:13-46
149            android:exported="false"
149-->[com.google.android.gms:play-services-auth:17.0.0] AndroidManifest.xml:26:13-37
150            android:theme="@android:style/Theme.Translucent.NoTitleBar" />
150-->[com.google.android.gms:play-services-auth:17.0.0] AndroidManifest.xml:27:13-72
151        <!--
152            Service handling Google Sign-In user revocation. For apps that do not integrate with
153            Google Sign-In, this service will never be started.
154        -->
155        <service
155-->[com.google.android.gms:play-services-auth:17.0.0] AndroidManifest.xml:33:9-36:110
156            android:name="com.google.android.gms.auth.api.signin.RevocationBoundService"
156-->[com.google.android.gms:play-services-auth:17.0.0] AndroidManifest.xml:34:13-89
157            android:exported="true"
157-->[com.google.android.gms:play-services-auth:17.0.0] AndroidManifest.xml:35:13-36
158            android:permission="com.google.android.gms.auth.api.signin.permission.REVOCATION_NOTIFICATION" />
158-->[com.google.android.gms:play-services-auth:17.0.0] AndroidManifest.xml:36:13-107
159
160        <provider
160-->[com.google.firebase:firebase-common:20.1.2] AndroidManifest.xml:26:9-31:39
161            android:name="com.google.firebase.provider.FirebaseInitProvider"
161-->[com.google.firebase:firebase-common:20.1.2] AndroidManifest.xml:27:13-77
162            android:authorities="com.example.todomadeeasy.firebaseinitprovider"
162-->[com.google.firebase:firebase-common:20.1.2] AndroidManifest.xml:28:13-72
163            android:directBootAware="true"
163-->[com.google.firebase:firebase-common:20.1.2] AndroidManifest.xml:29:13-43
164            android:exported="false"
164-->[com.google.firebase:firebase-common:20.1.2] AndroidManifest.xml:30:13-37
165            android:initOrder="100" />
165-->[com.google.firebase:firebase-common:20.1.2] AndroidManifest.xml:31:13-36
166
167        <activity
167-->[com.google.android.gms:play-services-base:18.0.1] AndroidManifest.xml:20:9-22:45
168            android:name="com.google.android.gms.common.api.GoogleApiActivity"
168-->[com.google.android.gms:play-services-base:18.0.1] AndroidManifest.xml:20:19-85
169            android:exported="false"
169-->[com.google.android.gms:play-services-base:18.0.1] AndroidManifest.xml:22:19-43
170            android:theme="@android:style/Theme.Translucent.NoTitleBar" />
170-->[com.google.android.gms:play-services-base:18.0.1] AndroidManifest.xml:21:19-78
171
172        <meta-data
172-->[com.google.android.gms:play-services-basement:18.1.0] AndroidManifest.xml:21:9-23:69
173            android:name="com.google.android.gms.version"
173-->[com.google.android.gms:play-services-basement:18.1.0] AndroidManifest.xml:22:13-58
174            android:value="@integer/google_play_services_version" />
174-->[com.google.android.gms:play-services-basement:18.1.0] AndroidManifest.xml:23:13-66
175
176        <provider
176-->[androidx.work:work-runtime:2.3.1] AndroidManifest.xml:31:9-37:35
177            android:name="androidx.work.impl.WorkManagerInitializer"
177-->[androidx.work:work-runtime:2.3.1] AndroidManifest.xml:32:13-69
178            android:authorities="com.example.todomadeeasy.workmanager-init"
178-->[androidx.work:work-runtime:2.3.1] AndroidManifest.xml:33:13-68
179            android:directBootAware="false"
179-->[androidx.work:work-runtime:2.3.1] AndroidManifest.xml:34:13-44
180            android:exported="false"
180-->[androidx.work:work-runtime:2.3.1] AndroidManifest.xml:35:13-37
181            android:multiprocess="true" />
181-->[androidx.work:work-runtime:2.3.1] AndroidManifest.xml:36:13-40
182
183        <service
183-->[androidx.work:work-runtime:2.3.1] AndroidManifest.xml:39:9-44:35
184            android:name="androidx.work.impl.background.systemalarm.SystemAlarmService"
184-->[androidx.work:work-runtime:2.3.1] AndroidManifest.xml:40:13-88
185            android:directBootAware="false"
185-->[androidx.work:work-runtime:2.3.1] AndroidManifest.xml:41:13-44
186            android:enabled="@bool/enable_system_alarm_service_default"
186-->[androidx.work:work-runtime:2.3.1] AndroidManifest.xml:42:13-72
187            android:exported="false" />
187-->[androidx.work:work-runtime:2.3.1] AndroidManifest.xml:43:13-37
188        <service
188-->[androidx.work:work-runtime:2.3.1] AndroidManifest.xml:45:9-51:35
189            android:name="androidx.work.impl.background.systemjob.SystemJobService"
189-->[androidx.work:work-runtime:2.3.1] AndroidManifest.xml:46:13-84
190            android:directBootAware="false"
190-->[androidx.work:work-runtime:2.3.1] AndroidManifest.xml:47:13-44
191            android:enabled="@bool/enable_system_job_service_default"
191-->[androidx.work:work-runtime:2.3.1] AndroidManifest.xml:48:13-70
192            android:exported="true"
192-->[androidx.work:work-runtime:2.3.1] AndroidManifest.xml:49:13-36
193            android:permission="android.permission.BIND_JOB_SERVICE" />
193-->[androidx.work:work-runtime:2.3.1] AndroidManifest.xml:50:13-69
194        <service
194-->[androidx.work:work-runtime:2.3.1] AndroidManifest.xml:52:9-57:35
195            android:name="androidx.work.impl.foreground.SystemForegroundService"
195-->[androidx.work:work-runtime:2.3.1] AndroidManifest.xml:53:13-81
196            android:directBootAware="false"
196-->[androidx.work:work-runtime:2.3.1] AndroidManifest.xml:54:13-44
197            android:enabled="@bool/enable_system_foreground_service_default"
197-->[androidx.work:work-runtime:2.3.1] AndroidManifest.xml:55:13-77
198            android:exported="false" />
198-->[androidx.work:work-runtime:2.3.1] AndroidManifest.xml:56:13-37
199
200        <receiver
200-->[androidx.work:work-runtime:2.3.1] AndroidManifest.xml:59:9-64:35
201            android:name="androidx.work.impl.utils.ForceStopRunnable$BroadcastReceiver"
201-->[androidx.work:work-runtime:2.3.1] AndroidManifest.xml:60:13-88
202            android:directBootAware="false"
202-->[androidx.work:work-runtime:2.3.1] AndroidManifest.xml:61:13-44
203            android:enabled="true"
203-->[androidx.work:work-runtime:2.3.1] AndroidManifest.xml:62:13-35
204            android:exported="false" />
204-->[androidx.work:work-runtime:2.3.1] AndroidManifest.xml:63:13-37
205        <receiver
205-->[androidx.work:work-runtime:2.3.1] AndroidManifest.xml:65:9-75:20
206            android:name="androidx.work.impl.background.systemalarm.ConstraintProxy$BatteryChargingProxy"
206-->[androidx.work:work-runtime:2.3.1] AndroidManifest.xml:66:13-106
207            android:directBootAware="false"
207-->[androidx.work:work-runtime:2.3.1] AndroidManifest.xml:67:13-44
208            android:enabled="false"
208-->[androidx.work:work-runtime:2.3.1] AndroidManifest.xml:68:13-36
209            android:exported="false" >
209-->[androidx.work:work-runtime:2.3.1] AndroidManifest.xml:69:13-37
210            <intent-filter>
210-->[androidx.work:work-runtime:2.3.1] AndroidManifest.xml:71:13-74:29
211                <action android:name="android.intent.action.ACTION_POWER_CONNECTED" />
211-->[androidx.work:work-runtime:2.3.1] AndroidManifest.xml:72:17-87
211-->[androidx.work:work-runtime:2.3.1] AndroidManifest.xml:72:25-84
212                <action android:name="android.intent.action.ACTION_POWER_DISCONNECTED" />
212-->[androidx.work:work-runtime:2.3.1] AndroidManifest.xml:73:17-90
212-->[androidx.work:work-runtime:2.3.1] AndroidManifest.xml:73:25-87
213            </intent-filter>
214        </receiver>
215        <receiver
215-->[androidx.work:work-runtime:2.3.1] AndroidManifest.xml:76:9-86:20
216            android:name="androidx.work.impl.background.systemalarm.ConstraintProxy$BatteryNotLowProxy"
216-->[androidx.work:work-runtime:2.3.1] AndroidManifest.xml:77:13-104
217            android:directBootAware="false"
217-->[androidx.work:work-runtime:2.3.1] AndroidManifest.xml:78:13-44
218            android:enabled="false"
218-->[androidx.work:work-runtime:2.3.1] AndroidManifest.xml:79:13-36
219            android:exported="false" >
219-->[androidx.work:work-runtime:2.3.1] AndroidManifest.xml:80:13-37
220            <intent-filter>
220-->[androidx.work:work-runtime:2.3.1] AndroidManifest.xml:82:13-85:29
221                <action android:name="android.intent.action.BATTERY_OKAY" />
221-->[androidx.work:work-runtime:2.3.1] AndroidManifest.xml:83:17-77
221-->[androidx.work:work-runtime:2.3.1] AndroidManifest.xml:83:25-74
222                <action android:name="android.intent.action.BATTERY_LOW" />
222-->[androidx.work:work-runtime:2.3.1] AndroidManifest.xml:84:17-76
222-->[androidx.work:work-runtime:2.3.1] AndroidManifest.xml:84:25-73
223            </intent-filter>
224        </receiver>
225        <receiver
225-->[androidx.work:work-runtime:2.3.1] AndroidManifest.xml:87:9-97:20
226            android:name="androidx.work.impl.background.systemalarm.ConstraintProxy$StorageNotLowProxy"
226-->[androidx.work:work-runtime:2.3.1] AndroidManifest.xml:88:13-104
227            android:directBootAware="false"
227-->[androidx.work:work-runtime:2.3.1] AndroidManifest.xml:89:13-44
228            android:enabled="false"
228-->[androidx.work:work-runtime:2.3.1] AndroidManifest.xml:90:13-36
229            android:exported="false" >
229-->[androidx.work:work-runtime:2.3.1] AndroidManifest.xml:91:13-37
230            <intent-filter>
230-->[androidx.work:work-runtime:2.3.1] AndroidManifest.xml:93:13-96:29
231                <action android:name="android.intent.action.DEVICE_STORAGE_LOW" />
231-->[androidx.work:work-runtime:2.3.1] AndroidManifest.xml:94:17-83
231-->[androidx.work:work-runtime:2.3.1] AndroidManifest.xml:94:25-80
232                <action android:name="android.intent.action.DEVICE_STORAGE_OK" />
232-->[androidx.work:work-runtime:2.3.1] AndroidManifest.xml:95:17-82
232-->[androidx.work:work-runtime:2.3.1] AndroidManifest.xml:95:25-79
233            </intent-filter>
234        </receiver>
235        <receiver
235-->[androidx.work:work-runtime:2.3.1] AndroidManifest.xml:98:9-107:20
236            android:name="androidx.work.impl.background.systemalarm.ConstraintProxy$NetworkStateProxy"
236-->[androidx.work:work-runtime:2.3.1] AndroidManifest.xml:99:13-103
237            android:directBootAware="false"
237-->[androidx.work:work-runtime:2.3.1] AndroidManifest.xml:100:13-44
238            android:enabled="false"
238-->[androidx.work:work-runtime:2.3.1] AndroidManifest.xml:101:13-36
239            android:exported="false" >
239-->[androidx.work:work-runtime:2.3.1] AndroidManifest.xml:102:13-37
240            <intent-filter>
240-->[androidx.work:work-runtime:2.3.1] AndroidManifest.xml:104:13-106:29
241                <action android:name="android.net.conn.CONNECTIVITY_CHANGE" />
241-->[androidx.work:work-runtime:2.3.1] AndroidManifest.xml:105:17-79
241-->[androidx.work:work-runtime:2.3.1] AndroidManifest.xml:105:25-76
242            </intent-filter>
243        </receiver>
244        <receiver
244-->[androidx.work:work-runtime:2.3.1] AndroidManifest.xml:108:9-119:20
245            android:name="androidx.work.impl.background.systemalarm.RescheduleReceiver"
245-->[androidx.work:work-runtime:2.3.1] AndroidManifest.xml:109:13-88
246            android:directBootAware="false"
246-->[androidx.work:work-runtime:2.3.1] AndroidManifest.xml:110:13-44
247            android:enabled="false"
247-->[androidx.work:work-runtime:2.3.1] AndroidManifest.xml:111:13-36
248            android:exported="false" >
248-->[androidx.work:work-runtime:2.3.1] AndroidManifest.xml:112:13-37
249            <intent-filter>
249-->[androidx.work:work-runtime:2.3.1] AndroidManifest.xml:114:13-118:29
250                <action android:name="android.intent.action.BOOT_COMPLETED" />
250-->[androidx.work:work-runtime:2.3.1] AndroidManifest.xml:115:17-79
250-->[androidx.work:work-runtime:2.3.1] AndroidManifest.xml:115:25-76
251                <action android:name="android.intent.action.TIME_SET" />
251-->[androidx.work:work-runtime:2.3.1] AndroidManifest.xml:116:17-73
251-->[androidx.work:work-runtime:2.3.1] AndroidManifest.xml:116:25-70
252                <action android:name="android.intent.action.TIMEZONE_CHANGED" />
252-->[androidx.work:work-runtime:2.3.1] AndroidManifest.xml:117:17-81
252-->[androidx.work:work-runtime:2.3.1] AndroidManifest.xml:117:25-78
253            </intent-filter>
254        </receiver>
255        <receiver
255-->[androidx.work:work-runtime:2.3.1] AndroidManifest.xml:120:9-129:20
256            android:name="androidx.work.impl.background.systemalarm.ConstraintProxyUpdateReceiver"
256-->[androidx.work:work-runtime:2.3.1] AndroidManifest.xml:121:13-99
257            android:directBootAware="false"
257-->[androidx.work:work-runtime:2.3.1] AndroidManifest.xml:122:13-44
258            android:enabled="@bool/enable_system_alarm_service_default"
258-->[androidx.work:work-runtime:2.3.1] AndroidManifest.xml:123:13-72
259            android:exported="false" >
259-->[androidx.work:work-runtime:2.3.1] AndroidManifest.xml:124:13-37
260            <intent-filter>
260-->[androidx.work:work-runtime:2.3.1] AndroidManifest.xml:126:13-128:29
261                <action android:name="androidx.work.impl.background.systemalarm.UpdateProxies" />
261-->[androidx.work:work-runtime:2.3.1] AndroidManifest.xml:127:17-98
261-->[androidx.work:work-runtime:2.3.1] AndroidManifest.xml:127:25-95
262            </intent-filter>
263        </receiver>
264
265        <provider
265-->[androidx.lifecycle:lifecycle-process:2.1.0] AndroidManifest.xml:23:9-27:43
266            android:name="androidx.lifecycle.ProcessLifecycleOwnerInitializer"
266-->[androidx.lifecycle:lifecycle-process:2.1.0] AndroidManifest.xml:24:13-79
267            android:authorities="com.example.todomadeeasy.lifecycle-process"
267-->[androidx.lifecycle:lifecycle-process:2.1.0] AndroidManifest.xml:25:13-69
268            android:exported="false"
268-->[androidx.lifecycle:lifecycle-process:2.1.0] AndroidManifest.xml:26:13-37
269            android:multiprocess="true" />
269-->[androidx.lifecycle:lifecycle-process:2.1.0] AndroidManifest.xml:27:13-40
270
271        <service
271-->[androidx.room:room-runtime:2.2.3] AndroidManifest.xml:25:9-27:40
272            android:name="androidx.room.MultiInstanceInvalidationService"
272-->[androidx.room:room-runtime:2.2.3] AndroidManifest.xml:26:13-74
273            android:exported="false" />
273-->[androidx.room:room-runtime:2.2.3] AndroidManifest.xml:27:13-37
274    </application>
275
276</manifest>